<?xml version="1.0" encoding="UTF-8"?>
<!-- Generated by org.testng.reporters.JUnitXMLReporter -->
<testsuite hostname="DESKTOP-36D5C16" ignored="4" name="Critical Functionalities" tests="6" failures="0" timestamp="2022-05-29T14:03:21 MST" time="24.782" errors="0">
  <testcase name="testAppleTitle" time="0.867" classname="scripts._01_AppleTest"/>
  <testcase name="testApplicationFormHeading" time="0.759" classname="scripts._02_TechGlobalTest"/>
  <testcase name="testGoogleSearch" time="2.922" classname="scripts._04_GoogleSearchTest"/>
  <testcase name="testEtsyLogo" time="2.136" classname="scripts._03_EtsyTest"/>
  <testcase name="testEtsySearch" time="2.036" classname="scripts._03_EtsyTest"/>
  <testcase name="testEtsySearchResult" time="4.139" classname="scripts._03_EtsyTest"/>
  <testcase name="testAppleURL" time="0.0" classname="scripts._01_AppleTest">
    <ignored/>
  </testcase> <!-- testAppleURL -->
  <testcase name="testGoogleStoreLink" time="0.0" classname="scripts._04_GoogleSearchTest">
    <ignored/>
  </testcase> <!-- testGoogleStoreLink -->
  <testcase name="X" time="0.0" classname="scripts._01_AppleTest">
    <ignored/>
  </testcase> <!-- X -->
  <testcase name="testMainHeader" time="0.0" classname="scripts._03_EtsyTest">
    <ignored/>
  </testcase> <!-- testMainHeader -->
</testsuite> <!-- Critical Functionalities -->
