<?xml version="1.0" encoding="UTF-8"?>
<testng-results skipped="0" failed="0" ignored="4" total="10" passed="6">
  <reporter-output>
  </reporter-output>
  <suite name="Smoke" duration-ms="24782" started-at="2022-05-29T14:02:56 MST" finished-at="2022-05-29T14:03:21 MST">
    <groups>
    </groups>
    <test name="Critical Functionalities" duration-ms="24782" started-at="2022-05-29T14:02:56 MST" finished-at="2022-05-29T14:03:21 MST">
      <class name="scripts._03_EtsyTest">
        <test-method status="PASS" signature="setup()[pri:0, instance:scripts._03_EtsyTest@5700d6b1]" name="setup" is-config="true" duration-ms="1222" started-at="2022-05-29T14:03:07 MST" finished-at="2022-05-29T14:03:08 MST">
          <reporter-output>
          </reporter-output>
        </test-method> <!-- setup -->
        <test-method status="PASS" signature="testEtsyLogo()[pri:1, instance:scripts._03_EtsyTest@5700d6b1]" name="testEtsyLogo" duration-ms="2136" started-at="2022-05-29T14:03:08 MST" finished-at="2022-05-29T14:03:10 MST">
          <reporter-output>
          </reporter-output>
        </test-method> <!-- testEtsyLogo -->
        <test-method status="PASS" signature="teardown()[pri:0, instance:scripts._03_EtsyTest@5700d6b1]" name="teardown" is-config="true" duration-ms="702" started-at="2022-05-29T14:03:10 MST" finished-at="2022-05-29T14:03:11 MST">
          <reporter-output>
          </reporter-output>
        </test-method> <!-- teardown -->
        <test-method status="PASS" signature="setup()[pri:0, instance:scripts._03_EtsyTest@5700d6b1]" name="setup" is-config="true" duration-ms="1157" started-at="2022-05-29T14:03:11 MST" finished-at="2022-05-29T14:03:12 MST">
          <reporter-output>
          </reporter-output>
        </test-method> <!-- setup -->
        <test-method status="PASS" signature="testEtsySearch()[pri:3, instance:scripts._03_EtsyTest@5700d6b1]" name="testEtsySearch" duration-ms="2036" started-at="2022-05-29T14:03:12 MST" finished-at="2022-05-29T14:03:14 MST">
          <reporter-output>
          </reporter-output>
        </test-method> <!-- testEtsySearch -->
        <test-method status="PASS" signature="teardown()[pri:0, instance:scripts._03_EtsyTest@5700d6b1]" name="teardown" is-config="true" duration-ms="743" started-at="2022-05-29T14:03:14 MST" finished-at="2022-05-29T14:03:15 MST">
          <reporter-output>
          </reporter-output>
        </test-method> <!-- teardown -->
        <test-method status="PASS" signature="setup()[pri:0, instance:scripts._03_EtsyTest@5700d6b1]" name="setup" is-config="true" duration-ms="1187" started-at="2022-05-29T14:03:15 MST" finished-at="2022-05-29T14:03:16 MST">
          <reporter-output>
          </reporter-output>
        </test-method> <!-- setup -->
        <test-method status="PASS" signature="testEtsySearchResult()[pri:2, instance:scripts._03_EtsyTest@5700d6b1]" name="testEtsySearchResult" duration-ms="4139" started-at="2022-05-29T14:03:16 MST" depends-on-methods="scripts._03_EtsyTest.testEtsySearch" finished-at="2022-05-29T14:03:20 MST">
          <reporter-output>
          </reporter-output>
        </test-method> <!-- testEtsySearchResult -->
        <test-method status="PASS" signature="teardown()[pri:0, instance:scripts._03_EtsyTest@5700d6b1]" name="teardown" is-config="true" duration-ms="764" started-at="2022-05-29T14:03:20 MST" finished-at="2022-05-29T14:03:21 MST">
          <reporter-output>
          </reporter-output>
        </test-method> <!-- teardown -->
      </class> <!-- scripts._03_EtsyTest -->
      <class name="scripts._02_TechGlobalTest">
        <test-method status="PASS" signature="setup()[pri:0, instance:scripts._02_TechGlobalTest@7085bdee]" name="setup" is-config="true" duration-ms="1204" started-at="2022-05-29T14:03:00 MST" finished-at="2022-05-29T14:03:01 MST">
          <reporter-output>
          </reporter-output>
        </test-method> <!-- setup -->
        <test-method status="PASS" signature="testApplicationFormHeading()[pri:0, instance:scripts._02_TechGlobalTest@7085bdee]" name="testApplicationFormHeading" duration-ms="759" started-at="2022-05-29T14:03:01 MST" description="TC123: Validate Application form heading" finished-at="2022-05-29T14:03:02 MST">
          <reporter-output>
          </reporter-output>
        </test-method> <!-- testApplicationFormHeading -->
        <test-method status="PASS" signature="teardown()[pri:0, instance:scripts._02_TechGlobalTest@7085bdee]" name="teardown" is-config="true" duration-ms="645" started-at="2022-05-29T14:03:02 MST" finished-at="2022-05-29T14:03:02 MST">
          <reporter-output>
          </reporter-output>
        </test-method> <!-- teardown -->
      </class> <!-- scripts._02_TechGlobalTest -->
      <class name="scripts._01_AppleTest">
        <test-method status="PASS" signature="setup()[pri:0, instance:scripts._01_AppleTest@73ad2d6]" name="setup" is-config="true" duration-ms="1762" started-at="2022-05-29T14:02:56 MST" finished-at="2022-05-29T14:02:58 MST">
          <reporter-output>
          </reporter-output>
        </test-method> <!-- setup -->
        <test-method status="PASS" signature="testAppleTitle()[pri:1, instance:scripts._01_AppleTest@73ad2d6]" name="testAppleTitle" duration-ms="867" started-at="2022-05-29T14:02:58 MST" description="TC345" finished-at="2022-05-29T14:02:59 MST">
          <reporter-output>
          </reporter-output>
        </test-method> <!-- testAppleTitle -->
        <test-method status="PASS" signature="teardown()[pri:0, instance:scripts._01_AppleTest@73ad2d6]" name="teardown" is-config="true" duration-ms="679" started-at="2022-05-29T14:02:59 MST" finished-at="2022-05-29T14:03:00 MST">
          <reporter-output>
          </reporter-output>
        </test-method> <!-- teardown -->
      </class> <!-- scripts._01_AppleTest -->
      <class name="scripts._04_GoogleSearchTest">
        <test-method status="PASS" signature="setup()[pri:0, instance:scripts._04_GoogleSearchTest@1ce92674]" name="setup" is-config="true" duration-ms="1178" started-at="2022-05-29T14:03:02 MST" finished-at="2022-05-29T14:03:04 MST">
          <reporter-output>
          </reporter-output>
        </test-method> <!-- setup -->
        <test-method status="PASS" signature="testGoogleSearch()[pri:1, instance:scripts._04_GoogleSearchTest@1ce92674]" name="testGoogleSearch" duration-ms="2922" started-at="2022-05-29T14:03:04 MST" description="TC765: Validate Google search" finished-at="2022-05-29T14:03:06 MST">
          <reporter-output>
          </reporter-output>
        </test-method> <!-- testGoogleSearch -->
        <test-method status="PASS" signature="teardown()[pri:0, instance:scripts._04_GoogleSearchTest@1ce92674]" name="teardown" is-config="true" duration-ms="663" started-at="2022-05-29T14:03:06 MST" finished-at="2022-05-29T14:03:07 MST">
          <reporter-output>
          </reporter-output>
        </test-method> <!-- teardown -->
      </class> <!-- scripts._04_GoogleSearchTest -->
    </test> <!-- Critical Functionalities -->
  </suite> <!-- Smoke -->
</testng-results>
